Arguments: 
  /Users/melvinchia/.nvm/versions/node/v16.6.0/bin/node /opt/homebrew/bin/yarn add cli-tables

PATH: 
  /Users/melvinchia/.nvm/versions/node/v16.6.0/bin:/opt/homebrew/bin:/opt/homebrew/sbin:/usr/local/bin:/usr/bin:/bin:/usr/sbin:/sbin:/usr/local/share/dotnet:/Users/melvinchia/.nvm/versions/node/v16.6.0/bin:/Users/melvinchia/.fig/bin:/Users/melvinchia/.local/bin:/Users/melvinchia/.antigen/bundles/robbyrussell/oh-my-zsh/lib:/Users/melvinchia/.antigen/bundles/robbyrussell/oh-my-zsh/plugins/git:/Users/melvinchia/.antigen/bundles/robbyrussell/oh-my-zsh/plugins/command-not-found:/Users/melvinchia/.antigen/bundles/robbyrussell/oh-my-zsh/plugins/docker:/Users/melvinchia/.antigen/bundles/zsh-users/zsh-completions:/Users/melvinchia/.antigen/bundles/zsh-users/zsh-autosuggestions:/Users/melvinchia/.antigen/bundles/zdharma-continuum/fast-syntax-highlighting:/Users/melvinchia/.antigen/bundles/hlissner/zsh-autopair:/Users/melvinchia/.antigen/bundles/gretzky/auto-color-ls:/Users/melvinchia/.antigen/bundles/babasbot/auto-fortune-cowsay-zsh:/Users/melvinchia/.antigen/bundles/ael-code/zsh-colored-man-pages:/Users/melvinchia/.antigen/bundles/shayneholmes/zsh-iterm2colors:/Users/melvinchia/.antigen/bundles/zpm-zsh/ls:/Users/melvinchia/.antigen/bundles/KasperChristensen/mylocation:/Users/melvinchia/.antigen/bundles/romkatv/powerlevel10k:/Users/melvinchia/Library/Android/sdk/emulator:/Users/melvinchia/Library/Android/sdk/platform-tools:/Users/melvinchia/Library/Android/sdk/emulator:/Users/melvinchia/Library/Android/sdk/platform-tools

Yarn version: 
  1.22.17

Node version: 
  16.6.0

Platform: 
  darwin arm64

Trace: 
  Error: https://registry.yarnpkg.com/cli-tables: Not found
      at Request.params.callback [as _callback] (/opt/homebrew/lib/node_modules/yarn/lib/cli.js:67029:18)
      at Request.self.callback (/opt/homebrew/lib/node_modules/yarn/lib/cli.js:140883:22)
      at Request.emit (node:events:394:28)
      at Request.<anonymous> (/opt/homebrew/lib/node_modules/yarn/lib/cli.js:141855:10)
      at Request.emit (node:events:394:28)
      at IncomingMessage.<anonymous> (/opt/homebrew/lib/node_modules/yarn/lib/cli.js:141777:12)
      at Object.onceWrapper (node:events:513:28)
      at IncomingMessage.emit (node:events:406:35)
      at endReadableNT (node:internal/streams/readable:1331:12)
      at processTicksAndRejections (node:internal/process/task_queues:83:21)

npm manifest: 
  {
    "name": "calendar",
    "version": "1.0.0",
    "main": "index.js",
    "license": "MIT",
    "dependencies": {
      "moment": "^2.29.4",
      "prompts": "^2.4.2"
    }
  }

yarn manifest: 
  No manifest

Lockfile: 
  # THIS IS AN AUTOGENERATED FILE. DO NOT EDIT THIS FILE DIRECTLY.
  # yarn lockfile v1
  
  
  kleur@^3.0.3:
    version "3.0.3"
    resolved "https://registry.yarnpkg.com/kleur/-/kleur-3.0.3.tgz#a79c9ecc86ee1ce3fa6206d1216c501f147fc07e"
    integrity sha512-eTIzlVOSUR+JxdDFepEYcBMtZ9Qqdef+rnzWdRZuMbOywu5tO2w2N7rqjoANZ5k9vywhL6Br1VRjUIgTQx4E8w==
  
  moment@^2.29.4:
    version "2.29.4"
    resolved "https://registry.yarnpkg.com/moment/-/moment-2.29.4.tgz#3dbe052889fe7c1b2ed966fcb3a77328964ef108"
    integrity sha512-5LC9SOxjSc2HF6vO2CyuTDNivEdoz2IvyJJGj6X8DJ0eFyfszE0QiEd+iXmBvUP3WHxSjFH/vIsA0EN00cgr8w==
  
  prompts@^2.4.2:
    version "2.4.2"
    resolved "https://registry.yarnpkg.com/prompts/-/prompts-2.4.2.tgz#7b57e73b3a48029ad10ebd44f74b01722a4cb069"
    integrity sha512-NxNv/kLguCA7p3jE8oL2aEBsrJWgAakBpgmgK6lpPWV+WuOmY6r2/zbAVnP+T8bQlA0nzHXSJSJW0Hq7ylaD2Q==
    dependencies:
      kleur "^3.0.3"
      sisteransi "^1.0.5"
  
  sisteransi@^1.0.5:
    version "1.0.5"
    resolved "https://registry.yarnpkg.com/sisteransi/-/sisteransi-1.0.5.tgz#134d681297756437cc05ca01370d3a7a571075ed"
    integrity sha512-bLGGlR1QxBcynn2d5YmDX4MGjlZvy2MRBDRNHLJ8VI6l6+9FUiyTFNJ0IveOSP0bcXgVDPRcfGqA0pjaqUpfVg==
